<?xml version="1.0" encoding="UTF-8"?>
<testng-results ignored="0" total="1" passed="1" failed="0" skipped="0">
  <reporter-output>
  </reporter-output>
  <suite started-at="2021-09-28T10:53:14 IST" name="Suite" finished-at="2021-09-28T10:53:14 IST" duration-ms="224">
    <groups>
    </groups>
    <test started-at="2021-09-28T10:53:14 IST" name="Test" finished-at="2021-09-28T10:53:14 IST" duration-ms="224">
      <class name="PipelineTest1.AppTest">
        <test-method signature="PP1()[pri:0, instance:PipelineTest1.AppTest@6631f5ca]" started-at="2021-09-28T10:53:14 IST" name="PP1" finished-at="2021-09-28T10:53:14 IST" duration-ms="37" status="PASS">
          <reporter-output>
          </reporter-output>
        </test-method> <!-- PP1 -->
      </class> <!-- PipelineTest1.AppTest -->
    </test> <!-- Test -->
  </suite> <!-- Suite -->
</testng-results>
